[0m14:43:16.528614 [debug] [MainThread]: Sending event: {'category': 'dbt', 'action': 'invocation', 'label': 'start', 'context': [<snowplow_tracker.self_describing_json.SelfDescribingJson object at 0x00000246EF5AA750>, <snowplow_tracker.self_describing_json.SelfDescribingJson object at 0x00000246EF5A8F50>, <snowplow_tracker.self_describing_json.SelfDescribingJson object at 0x00000246EF5BB350>]}


============================== 14:43:16.532122 | f89594d2-0e80-4a33-b31d-086ee6c70816 ==============================
[0m14:43:16.532122 [info ] [MainThread]: Running with dbt=1.7.5
[0m14:43:16.533135 [debug] [MainThread]: running dbt with arguments {'printer_width': '80', 'indirect_selection': 'eager', 'log_cache_events': 'False', 'write_json': 'True', 'partial_parse': 'True', 'cache_selected_only': 'False', 'profiles_dir': 'C:\\Users\\tejes\\.dbt', 'fail_fast': 'False', 'version_check': 'True', 'log_path': 'logs', 'debug': 'False', 'warn_error': 'None', 'use_colors': 'True', 'use_experimental_parser': 'False', 'no_print': 'None', 'quiet': 'False', 'log_format': 'default', 'introspect': 'True', 'static_parser': 'True', 'warn_error_options': 'WarnErrorOptions(include=[], exclude=[])', 'target_path': 'None', 'invocation_command': 'dbt init', 'send_anonymous_usage_stats': 'True'}
[0m14:43:20.889347 [debug] [MainThread]: Starter project path: C:\Users\tejes\skutopia challenge\dbt_workspace\dbt_venv\Lib\site-packages\dbt\include\starter_project
[0m14:43:20.955982 [info ] [MainThread]: 
Your new dbt project "skutopia" was created!

For more information on how to configure the profiles.yml file,
please consult the dbt documentation here:

  https://docs.getdbt.com/docs/configure-your-profile

One more thing:

Need help? Don't hesitate to reach out to us via GitHub issues or on Slack:

  https://community.getdbt.com/

Happy modeling!

[0m14:43:20.957999 [info ] [MainThread]: Setting up your profile.
[0m14:43:57.107411 [error] [MainThread]: Encountered an error:

[0m14:43:57.111516 [error] [MainThread]: Traceback (most recent call last):
  File "C:\Users\tejes\skutopia challenge\dbt_workspace\dbt_venv\Lib\site-packages\dbt\cli\requires.py", line 91, in wrapper
    result, success = func(*args, **kwargs)
                      ^^^^^^^^^^^^^^^^^^^^^
  File "C:\Users\tejes\skutopia challenge\dbt_workspace\dbt_venv\Lib\site-packages\dbt\cli\requires.py", line 76, in wrapper
    return func(*args, **kwargs)
           ^^^^^^^^^^^^^^^^^^^^^
  File "C:\Users\tejes\skutopia challenge\dbt_workspace\dbt_venv\Lib\site-packages\dbt\cli\main.py", line 515, in init
    results = task.run()
              ^^^^^^^^^^
  File "C:\Users\tejes\skutopia challenge\dbt_workspace\dbt_venv\Lib\site-packages\dbt\task\init.py", line 344, in run
    self.setup_profile(profile_name)
  File "C:\Users\tejes\skutopia challenge\dbt_workspace\dbt_venv\Lib\site-packages\dbt\task\init.py", line 264, in setup_profile
    self.create_profile_from_target(adapter, profile_name=profile_name)
  File "C:\Users\tejes\skutopia challenge\dbt_workspace\dbt_venv\Lib\site-packages\dbt\task\init.py", line 181, in create_profile_from_target
    self.create_profile_from_profile_template(profile_template, profile_name)
  File "C:\Users\tejes\skutopia challenge\dbt_workspace\dbt_venv\Lib\site-packages\dbt\task\init.py", line 165, in create_profile_from_profile_template
    target = self.generate_target_from_input(prompts, initial_target)
             ^^^^^^^^^^^^^^^^^^^^^^^^^^^^^^^^^^^^^^^^^^^^^^^^^^^^^^^^
  File "C:\Users\tejes\skutopia challenge\dbt_workspace\dbt_venv\Lib\site-packages\dbt\task\init.py", line 131, in generate_target_from_input
    target[key] = click.prompt(
                  ^^^^^^^^^^^^^
  File "C:\Users\tejes\skutopia challenge\dbt_workspace\dbt_venv\Lib\site-packages\click\termui.py", line 164, in prompt
    value = prompt_func(prompt)
            ^^^^^^^^^^^^^^^^^^^
  File "C:\Users\tejes\skutopia challenge\dbt_workspace\dbt_venv\Lib\site-packages\click\termui.py", line 147, in prompt_func
    raise Abort() from None
click.exceptions.Abort

[0m14:43:57.116649 [debug] [MainThread]: Command `dbt init` failed at 14:43:57.116649 after 40.60 seconds
[0m14:43:57.116649 [debug] [MainThread]: Sending event: {'category': 'dbt', 'action': 'invocation', 'label': 'end', 'context': [<snowplow_tracker.self_describing_json.SelfDescribingJson object at 0x00000246EF8DB510>, <snowplow_tracker.self_describing_json.SelfDescribingJson object at 0x00000246EF5C8850>, <snowplow_tracker.self_describing_json.SelfDescribingJson object at 0x00000246EFD26390>]}
[0m14:43:57.118137 [debug] [MainThread]: Flushing usage events
[0m14:44:07.185366 [debug] [MainThread]: Sending event: {'category': 'dbt', 'action': 'invocation', 'label': 'start', 'context': [<snowplow_tracker.self_describing_json.SelfDescribingJson object at 0x000001869937EC50>, <snowplow_tracker.self_describing_json.SelfDescribingJson object at 0x0000018699423ED0>, <snowplow_tracker.self_describing_json.SelfDescribingJson object at 0x0000018699650110>]}


============================== 14:44:07.189318 | a8bb7beb-b88d-4007-85e8-11119e9057b3 ==============================
[0m14:44:07.189318 [info ] [MainThread]: Running with dbt=1.7.5
[0m14:44:07.190268 [debug] [MainThread]: running dbt with arguments {'printer_width': '80', 'indirect_selection': 'eager', 'write_json': 'True', 'log_cache_events': 'False', 'partial_parse': 'True', 'cache_selected_only': 'False', 'profiles_dir': 'C:\\Users\\tejes\\.dbt', 'version_check': 'True', 'warn_error': 'None', 'log_path': 'logs', 'fail_fast': 'False', 'debug': 'False', 'use_colors': 'True', 'use_experimental_parser': 'False', 'no_print': 'None', 'quiet': 'False', 'log_format': 'default', 'static_parser': 'True', 'warn_error_options': 'WarnErrorOptions(include=[], exclude=[])', 'introspect': 'True', 'target_path': 'None', 'invocation_command': 'dbt init', 'send_anonymous_usage_stats': 'True'}
[0m14:44:17.301209 [info ] [MainThread]: A project called skutopia already exists here.
[0m14:44:17.303235 [debug] [MainThread]: Command `dbt init` succeeded at 14:44:17.303235 after 10.13 seconds
[0m14:44:17.304221 [debug] [MainThread]: Sending event: {'category': 'dbt', 'action': 'invocation', 'label': 'end', 'context': [<snowplow_tracker.self_describing_json.SelfDescribingJson object at 0x00000186997376D0>, <snowplow_tracker.self_describing_json.SelfDescribingJson object at 0x000001869252A610>, <snowplow_tracker.self_describing_json.SelfDescribingJson object at 0x000001869252A650>]}
[0m14:44:17.304221 [debug] [MainThread]: Flushing usage events
[0m14:44:41.405554 [debug] [MainThread]: Sending event: {'category': 'dbt', 'action': 'invocation', 'label': 'start', 'context': [<snowplow_tracker.self_describing_json.SelfDescribingJson object at 0x000002816759D610>, <snowplow_tracker.self_describing_json.SelfDescribingJson object at 0x000002816799D450>, <snowplow_tracker.self_describing_json.SelfDescribingJson object at 0x00000281674ED1D0>]}


============================== 14:44:41.408568 | 70d7aba3-c27a-4a04-aea9-fe4d3f49af87 ==============================
[0m14:44:41.408568 [info ] [MainThread]: Running with dbt=1.7.5
[0m14:44:41.409568 [debug] [MainThread]: running dbt with arguments {'printer_width': '80', 'indirect_selection': 'eager', 'log_cache_events': 'False', 'write_json': 'True', 'partial_parse': 'True', 'cache_selected_only': 'False', 'warn_error': 'None', 'fail_fast': 'False', 'profiles_dir': 'C:\\Users\\tejes\\.dbt', 'log_path': 'logs', 'debug': 'False', 'version_check': 'True', 'use_colors': 'True', 'use_experimental_parser': 'False', 'no_print': 'None', 'quiet': 'False', 'log_format': 'default', 'static_parser': 'True', 'introspect': 'True', 'invocation_command': 'dbt init', 'target_path': 'None', 'warn_error_options': 'WarnErrorOptions(include=[], exclude=[])', 'send_anonymous_usage_stats': 'True'}
[0m14:44:46.239576 [debug] [MainThread]: Starter project path: C:\Users\tejes\skutopia challenge\dbt_workspace\dbt_venv\Lib\site-packages\dbt\include\starter_project
[0m14:44:46.257576 [info ] [MainThread]: 
Your new dbt project "skutopia_1" was created!

For more information on how to configure the profiles.yml file,
please consult the dbt documentation here:

  https://docs.getdbt.com/docs/configure-your-profile

One more thing:

Need help? Don't hesitate to reach out to us via GitHub issues or on Slack:

  https://community.getdbt.com/

Happy modeling!

[0m14:44:46.260549 [info ] [MainThread]: Setting up your profile.
[0m14:45:02.508493 [error] [MainThread]: Encountered an error:

[0m14:45:02.511608 [error] [MainThread]: Traceback (most recent call last):
  File "C:\Users\tejes\skutopia challenge\dbt_workspace\dbt_venv\Lib\site-packages\dbt\cli\requires.py", line 91, in wrapper
    result, success = func(*args, **kwargs)
                      ^^^^^^^^^^^^^^^^^^^^^
  File "C:\Users\tejes\skutopia challenge\dbt_workspace\dbt_venv\Lib\site-packages\dbt\cli\requires.py", line 76, in wrapper
    return func(*args, **kwargs)
           ^^^^^^^^^^^^^^^^^^^^^
  File "C:\Users\tejes\skutopia challenge\dbt_workspace\dbt_venv\Lib\site-packages\dbt\cli\main.py", line 515, in init
    results = task.run()
              ^^^^^^^^^^
  File "C:\Users\tejes\skutopia challenge\dbt_workspace\dbt_venv\Lib\site-packages\dbt\task\init.py", line 344, in run
    self.setup_profile(profile_name)
  File "C:\Users\tejes\skutopia challenge\dbt_workspace\dbt_venv\Lib\site-packages\dbt\task\init.py", line 264, in setup_profile
    self.create_profile_from_target(adapter, profile_name=profile_name)
  File "C:\Users\tejes\skutopia challenge\dbt_workspace\dbt_venv\Lib\site-packages\dbt\task\init.py", line 181, in create_profile_from_target
    self.create_profile_from_profile_template(profile_template, profile_name)
  File "C:\Users\tejes\skutopia challenge\dbt_workspace\dbt_venv\Lib\site-packages\dbt\task\init.py", line 165, in create_profile_from_profile_template
    target = self.generate_target_from_input(prompts, initial_target)
             ^^^^^^^^^^^^^^^^^^^^^^^^^^^^^^^^^^^^^^^^^^^^^^^^^^^^^^^^
  File "C:\Users\tejes\skutopia challenge\dbt_workspace\dbt_venv\Lib\site-packages\dbt\task\init.py", line 131, in generate_target_from_input
    target[key] = click.prompt(
                  ^^^^^^^^^^^^^
  File "C:\Users\tejes\skutopia challenge\dbt_workspace\dbt_venv\Lib\site-packages\click\termui.py", line 164, in prompt
    value = prompt_func(prompt)
            ^^^^^^^^^^^^^^^^^^^
  File "C:\Users\tejes\skutopia challenge\dbt_workspace\dbt_venv\Lib\site-packages\click\termui.py", line 147, in prompt_func
    raise Abort() from None
click.exceptions.Abort

[0m14:45:02.518810 [debug] [MainThread]: Command `dbt init` failed at 14:45:02.518810 after 21.13 seconds
[0m14:45:02.519817 [debug] [MainThread]: Sending event: {'category': 'dbt', 'action': 'invocation', 'label': 'end', 'context': [<snowplow_tracker.self_describing_json.SelfDescribingJson object at 0x000002816759F2D0>, <snowplow_tracker.self_describing_json.SelfDescribingJson object at 0x000002816759EFD0>, <snowplow_tracker.self_describing_json.SelfDescribingJson object at 0x000002816759FE10>]}
[0m14:45:02.519817 [debug] [MainThread]: Flushing usage events
[0m14:45:31.444295 [debug] [MainThread]: Sending event: {'category': 'dbt', 'action': 'invocation', 'label': 'start', 'context': [<snowplow_tracker.self_describing_json.SelfDescribingJson object at 0x000001E42E9AD110>, <snowplow_tracker.self_describing_json.SelfDescribingJson object at 0x000001E42B1BFA90>, <snowplow_tracker.self_describing_json.SelfDescribingJson object at 0x000001E42AE5C150>]}


============================== 14:45:31.448307 | 04914fa0-00f0-4937-af9f-792cb1ca01d1 ==============================
[0m14:45:31.448307 [info ] [MainThread]: Running with dbt=1.7.5
[0m14:45:31.449302 [debug] [MainThread]: running dbt with arguments {'printer_width': '80', 'indirect_selection': 'eager', 'write_json': 'True', 'log_cache_events': 'False', 'partial_parse': 'True', 'cache_selected_only': 'False', 'profiles_dir': 'C:\\Users\\tejes\\.dbt', 'debug': 'False', 'warn_error': 'None', 'log_path': 'logs', 'version_check': 'True', 'fail_fast': 'False', 'use_colors': 'True', 'use_experimental_parser': 'False', 'no_print': 'None', 'quiet': 'False', 'log_format': 'default', 'invocation_command': 'dbt init', 'static_parser': 'True', 'warn_error_options': 'WarnErrorOptions(include=[], exclude=[])', 'target_path': 'None', 'introspect': 'True', 'send_anonymous_usage_stats': 'True'}
[0m14:45:34.502817 [debug] [MainThread]: Starter project path: C:\Users\tejes\skutopia challenge\dbt_workspace\dbt_venv\Lib\site-packages\dbt\include\starter_project
[0m14:45:34.532785 [info ] [MainThread]: 
Your new dbt project "skutopia" was created!

For more information on how to configure the profiles.yml file,
please consult the dbt documentation here:

  https://docs.getdbt.com/docs/configure-your-profile

One more thing:

Need help? Don't hesitate to reach out to us via GitHub issues or on Slack:

  https://community.getdbt.com/

Happy modeling!

[0m14:45:34.535766 [info ] [MainThread]: Setting up your profile.
[0m14:46:12.063810 [info ] [MainThread]: Profile skutopia written to C:\Users\tejes\.dbt\profiles.yml using target's profile_template.yml and your supplied values. Run 'dbt debug' to validate the connection.
[0m14:46:12.065709 [debug] [MainThread]: Command `dbt init` succeeded at 14:46:12.065709 after 40.63 seconds
[0m14:46:12.066709 [debug] [MainThread]: Sending event: {'category': 'dbt', 'action': 'invocation', 'label': 'end', 'context': [<snowplow_tracker.self_describing_json.SelfDescribingJson object at 0x000001E432015090>, <snowplow_tracker.self_describing_json.SelfDescribingJson object at 0x000001E4322E17D0>, <snowplow_tracker.self_describing_json.SelfDescribingJson object at 0x000001E43204BC10>]}
[0m14:46:12.067709 [debug] [MainThread]: Flushing usage events
[0m14:46:43.296969 [debug] [MainThread]: Sending event: {'category': 'dbt', 'action': 'invocation', 'label': 'start', 'context': [<snowplow_tracker.self_describing_json.SelfDescribingJson object at 0x000002629F02A750>, <snowplow_tracker.self_describing_json.SelfDescribingJson object at 0x000002629EA74150>, <snowplow_tracker.self_describing_json.SelfDescribingJson object at 0x000002629EA6B510>]}


============================== 14:46:43.300938 | ca4de850-1438-4b8c-b9f7-795f1c89c9d2 ==============================
[0m14:46:43.300938 [info ] [MainThread]: Running with dbt=1.7.5
[0m14:46:43.301945 [debug] [MainThread]: running dbt with arguments {'printer_width': '80', 'indirect_selection': 'eager', 'write_json': 'True', 'log_cache_events': 'False', 'partial_parse': 'True', 'cache_selected_only': 'False', 'warn_error': 'None', 'debug': 'False', 'version_check': 'True', 'log_path': 'logs', 'fail_fast': 'False', 'profiles_dir': 'C:\\Users\\tejes\\.dbt', 'use_colors': 'True', 'use_experimental_parser': 'False', 'no_print': 'None', 'quiet': 'False', 'warn_error_options': 'WarnErrorOptions(include=[], exclude=[])', 'invocation_command': 'dbt debug', 'log_format': 'default', 'static_parser': 'True', 'target_path': 'None', 'introspect': 'True', 'send_anonymous_usage_stats': 'True'}
[0m14:46:43.302989 [info ] [MainThread]: dbt version: 1.7.5
[0m14:46:43.303971 [info ] [MainThread]: python version: 3.11.1
[0m14:46:43.304950 [info ] [MainThread]: python path: C:\Users\tejes\skutopia challenge\dbt_workspace\dbt_venv\Scripts\python.exe
[0m14:46:43.306034 [info ] [MainThread]: os info: Windows-10-10.0.22621-SP0
[0m14:46:43.392380 [info ] [MainThread]: Using profiles dir at C:\Users\tejes\.dbt
[0m14:46:43.393398 [info ] [MainThread]: Using profiles.yml file at C:\Users\tejes\.dbt\profiles.yml
[0m14:46:43.394298 [info ] [MainThread]: Using dbt_project.yml file at C:\Users\tejes\skutopia challenge\dbt_workspace\dbt_project.yml
[0m14:46:43.396721 [info ] [MainThread]: adapter type: postgres
[0m14:46:43.397720 [info ] [MainThread]: adapter version: 1.7.5
[0m14:46:43.398722 [info ] [MainThread]: Configuration:
[0m14:46:43.399894 [info ] [MainThread]:   profiles.yml file [[32mOK found and valid[0m]
[0m14:46:43.400892 [info ] [MainThread]:   dbt_project.yml file [[31mERROR not found[0m]
[0m14:46:43.401894 [info ] [MainThread]: Required dependencies:
[0m14:46:43.402893 [debug] [MainThread]: Executing "git --help"
[0m14:46:43.452915 [debug] [MainThread]: STDOUT: "b"usage: git [-v | --version] [-h | --help] [-C <path>] [-c <name>=<value>]\n           [--exec-path[=<path>]] [--html-path] [--man-path] [--info-path]\n           [-p | --paginate | -P | --no-pager] [--no-replace-objects] [--bare]\n           [--git-dir=<path>] [--work-tree=<path>] [--namespace=<name>]\n           [--config-env=<name>=<envvar>] <command> [<args>]\n\nThese are common Git commands used in various situations:\n\nstart a working area (see also: git help tutorial)\n   clone     Clone a repository into a new directory\n   init      Create an empty Git repository or reinitialize an existing one\n\nwork on the current change (see also: git help everyday)\n   add       Add file contents to the index\n   mv        Move or rename a file, a directory, or a symlink\n   restore   Restore working tree files\n   rm        Remove files from the working tree and from the index\n\nexamine the history and state (see also: git help revisions)\n   bisect    Use binary search to find the commit that introduced a bug\n   diff      Show changes between commits, commit and working tree, etc\n   grep      Print lines matching a pattern\n   log       Show commit logs\n   show      Show various types of objects\n   status    Show the working tree status\n\ngrow, mark and tweak your common history\n   branch    List, create, or delete branches\n   commit    Record changes to the repository\n   merge     Join two or more development histories together\n   rebase    Reapply commits on top of another base tip\n   reset     Reset current HEAD to the specified state\n   switch    Switch branches\n   tag       Create, list, delete or verify a tag object signed with GPG\n\ncollaborate (see also: git help workflows)\n   fetch     Download objects and refs from another repository\n   pull      Fetch from and integrate with another repository or a local branch\n   push      Update remote refs along with associated objects\n\n'git help -a' and 'git help -g' list available subcommands and some\nconcept guides. See 'git help <command>' or 'git help <concept>'\nto read about a specific subcommand or concept.\nSee 'git help git' for an overview of the system.\n""
[0m14:46:43.452915 [debug] [MainThread]: STDERR: "b''"
[0m14:46:43.453913 [info ] [MainThread]:  - git [[32mOK found[0m]

[0m14:46:43.455102 [info ] [MainThread]: Connection:
[0m14:46:43.456108 [info ] [MainThread]:   host: "localhost"
[0m14:46:43.457109 [info ] [MainThread]:   port: 5432
[0m14:46:43.457109 [info ] [MainThread]:   user: "postgres"
[0m14:46:43.458713 [info ] [MainThread]:   database: gdp_worldbank
[0m14:46:43.459720 [info ] [MainThread]:   schema: public
[0m14:46:43.460240 [info ] [MainThread]:   connect_timeout: 10
[0m14:46:43.461248 [info ] [MainThread]:   role: None
[0m14:46:43.462257 [info ] [MainThread]:   search_path: None
[0m14:46:43.462257 [info ] [MainThread]:   keepalives_idle: 0
[0m14:46:43.463311 [info ] [MainThread]:   sslmode: None
[0m14:46:43.464250 [info ] [MainThread]:   sslcert: None
[0m14:46:43.465246 [info ] [MainThread]:   sslkey: None
[0m14:46:43.465246 [info ] [MainThread]:   sslrootcert: None
[0m14:46:43.466299 [info ] [MainThread]:   application_name: dbt
[0m14:46:43.467248 [info ] [MainThread]:   retries: 1
[0m14:46:43.467248 [info ] [MainThread]: Registered adapter: postgres=1.7.5
[0m14:46:43.469771 [debug] [MainThread]: Acquiring new postgres connection 'debug'
[0m14:46:43.470775 [debug] [MainThread]: Using postgres connection "debug"
[0m14:46:43.470775 [debug] [MainThread]: On debug: select 1 as id
[0m14:46:43.471869 [debug] [MainThread]: Opening a new connection, currently in state init
[0m14:46:43.474812 [debug] [MainThread]: Postgres adapter: Got a retryable error when attempting to open a postgres connection.
1 attempts remaining. Retrying in 0 seconds.
Error:
could not translate host name ""localhost"" to address: No such host is known. 

[0m14:46:43.475772 [debug] [MainThread]: Postgres adapter: Error running SQL: select 1 as id
[0m14:46:43.475772 [debug] [MainThread]: Postgres adapter: Rolling back transaction.
[0m14:46:43.476775 [debug] [MainThread]: On debug: No close available on handle
[0m14:46:43.477216 [info ] [MainThread]:   Connection test: [[31mERROR[0m]

[0m14:46:43.478254 [info ] [MainThread]: [31m2 checks failed:[0m
[0m14:46:43.478759 [info ] [MainThread]: Project loading failed for the following reason:
 project path <C:\Users\tejes\skutopia challenge\dbt_workspace\dbt_project.yml> not found

[0m14:46:43.479774 [info ] [MainThread]: dbt was unable to connect to the specified database.
The database returned the following error:

  >Database Error
  could not translate host name ""localhost"" to address: No such host is known. 
  

Check your database credentials and try again. For more information, visit:
https://docs.getdbt.com/docs/configure-your-profile


[0m14:46:43.483612 [debug] [MainThread]: Command `dbt debug` failed at 14:46:43.482626 after 0.23 seconds
[0m14:46:43.483612 [debug] [MainThread]: Connection 'debug' was properly closed.
[0m14:46:43.484612 [debug] [MainThread]: Sending event: {'category': 'dbt', 'action': 'invocation', 'label': 'end', 'context': [<snowplow_tracker.self_describing_json.SelfDescribingJson object at 0x000002629F200D10>, <snowplow_tracker.self_describing_json.SelfDescribingJson object at 0x0000026297BB9910>, <snowplow_tracker.self_describing_json.SelfDescribingJson object at 0x000002629F258850>]}
[0m14:46:43.484612 [debug] [MainThread]: Flushing usage events
[0m14:47:25.181465 [debug] [MainThread]: Sending event: {'category': 'dbt', 'action': 'invocation', 'label': 'start', 'context': [<snowplow_tracker.self_describing_json.SelfDescribingJson object at 0x0000019EDFE16D50>, <snowplow_tracker.self_describing_json.SelfDescribingJson object at 0x0000019EE1841D50>, <snowplow_tracker.self_describing_json.SelfDescribingJson object at 0x0000019EE1330110>]}


============================== 14:47:25.184550 | 10dd73d9-ab05-496c-9892-c8860a3c8da0 ==============================
[0m14:47:25.184550 [info ] [MainThread]: Running with dbt=1.7.5
[0m14:47:25.185555 [debug] [MainThread]: running dbt with arguments {'printer_width': '80', 'indirect_selection': 'eager', 'write_json': 'True', 'log_cache_events': 'False', 'partial_parse': 'True', 'cache_selected_only': 'False', 'warn_error': 'None', 'debug': 'False', 'profiles_dir': 'C:\\Users\\tejes\\.dbt', 'log_path': 'logs', 'version_check': 'True', 'fail_fast': 'False', 'use_colors': 'True', 'use_experimental_parser': 'False', 'no_print': 'None', 'quiet': 'False', 'log_format': 'default', 'introspect': 'True', 'static_parser': 'True', 'invocation_command': 'dbt debug', 'target_path': 'None', 'warn_error_options': 'WarnErrorOptions(include=[], exclude=[])', 'send_anonymous_usage_stats': 'True'}
[0m14:47:25.186469 [info ] [MainThread]: dbt version: 1.7.5
[0m14:47:25.188544 [info ] [MainThread]: python version: 3.11.1
[0m14:47:25.188544 [info ] [MainThread]: python path: C:\Users\tejes\skutopia challenge\dbt_workspace\dbt_venv\Scripts\python.exe
[0m14:47:25.189849 [info ] [MainThread]: os info: Windows-10-10.0.22621-SP0
[0m14:47:25.271432 [info ] [MainThread]: Using profiles dir at C:\Users\tejes\.dbt
[0m14:47:25.272430 [info ] [MainThread]: Using profiles.yml file at C:\Users\tejes\.dbt\profiles.yml
[0m14:47:25.273429 [info ] [MainThread]: Using dbt_project.yml file at C:\Users\tejes\skutopia challenge\dbt_workspace\dbt_project.yml
[0m14:47:25.275532 [info ] [MainThread]: adapter type: postgres
[0m14:47:25.276531 [info ] [MainThread]: adapter version: 1.7.5
[0m14:47:25.277533 [info ] [MainThread]: Configuration:
[0m14:47:25.278531 [info ] [MainThread]:   profiles.yml file [[32mOK found and valid[0m]
[0m14:47:25.279531 [info ] [MainThread]:   dbt_project.yml file [[31mERROR not found[0m]
[0m14:47:25.279531 [info ] [MainThread]: Required dependencies:
[0m14:47:25.280616 [debug] [MainThread]: Executing "git --help"
[0m14:47:25.319729 [debug] [MainThread]: STDOUT: "b"usage: git [-v | --version] [-h | --help] [-C <path>] [-c <name>=<value>]\n           [--exec-path[=<path>]] [--html-path] [--man-path] [--info-path]\n           [-p | --paginate | -P | --no-pager] [--no-replace-objects] [--bare]\n           [--git-dir=<path>] [--work-tree=<path>] [--namespace=<name>]\n           [--config-env=<name>=<envvar>] <command> [<args>]\n\nThese are common Git commands used in various situations:\n\nstart a working area (see also: git help tutorial)\n   clone     Clone a repository into a new directory\n   init      Create an empty Git repository or reinitialize an existing one\n\nwork on the current change (see also: git help everyday)\n   add       Add file contents to the index\n   mv        Move or rename a file, a directory, or a symlink\n   restore   Restore working tree files\n   rm        Remove files from the working tree and from the index\n\nexamine the history and state (see also: git help revisions)\n   bisect    Use binary search to find the commit that introduced a bug\n   diff      Show changes between commits, commit and working tree, etc\n   grep      Print lines matching a pattern\n   log       Show commit logs\n   show      Show various types of objects\n   status    Show the working tree status\n\ngrow, mark and tweak your common history\n   branch    List, create, or delete branches\n   commit    Record changes to the repository\n   merge     Join two or more development histories together\n   rebase    Reapply commits on top of another base tip\n   reset     Reset current HEAD to the specified state\n   switch    Switch branches\n   tag       Create, list, delete or verify a tag object signed with GPG\n\ncollaborate (see also: git help workflows)\n   fetch     Download objects and refs from another repository\n   pull      Fetch from and integrate with another repository or a local branch\n   push      Update remote refs along with associated objects\n\n'git help -a' and 'git help -g' list available subcommands and some\nconcept guides. See 'git help <command>' or 'git help <concept>'\nto read about a specific subcommand or concept.\nSee 'git help git' for an overview of the system.\n""
[0m14:47:25.320783 [debug] [MainThread]: STDERR: "b''"
[0m14:47:25.320783 [info ] [MainThread]:  - git [[32mOK found[0m]

[0m14:47:25.321755 [info ] [MainThread]: Connection:
[0m14:47:25.322735 [info ] [MainThread]:   host: localhost
[0m14:47:25.323737 [info ] [MainThread]:   port: 5432
[0m14:47:25.324734 [info ] [MainThread]:   user: postgres
[0m14:47:25.325735 [info ] [MainThread]:   database: gdp_worldbank
[0m14:47:25.325735 [info ] [MainThread]:   schema: public
[0m14:47:25.326736 [info ] [MainThread]:   connect_timeout: 10
[0m14:47:25.328017 [info ] [MainThread]:   role: None
[0m14:47:25.328017 [info ] [MainThread]:   search_path: None
[0m14:47:25.329022 [info ] [MainThread]:   keepalives_idle: 0
[0m14:47:25.330023 [info ] [MainThread]:   sslmode: None
[0m14:47:25.331025 [info ] [MainThread]:   sslcert: None
[0m14:47:25.331025 [info ] [MainThread]:   sslkey: None
[0m14:47:25.332023 [info ] [MainThread]:   sslrootcert: None
[0m14:47:25.333024 [info ] [MainThread]:   application_name: dbt
[0m14:47:25.334023 [info ] [MainThread]:   retries: 1
[0m14:47:25.334023 [info ] [MainThread]: Registered adapter: postgres=1.7.5
[0m14:47:25.335022 [debug] [MainThread]: Acquiring new postgres connection 'debug'
[0m14:47:25.336025 [debug] [MainThread]: Using postgres connection "debug"
[0m14:47:25.337024 [debug] [MainThread]: On debug: select 1 as id
[0m14:47:25.337024 [debug] [MainThread]: Opening a new connection, currently in state init
[0m14:47:25.402201 [debug] [MainThread]: SQL status: SELECT 1 in 0.0 seconds
[0m14:47:25.403304 [debug] [MainThread]: On debug: Close
[0m14:47:25.404659 [info ] [MainThread]:   Connection test: [[32mOK connection ok[0m]

[0m14:47:25.405666 [info ] [MainThread]: [31m1 check failed:[0m
[0m14:47:25.406669 [info ] [MainThread]: Project loading failed for the following reason:
 project path <C:\Users\tejes\skutopia challenge\dbt_workspace\dbt_project.yml> not found

[0m14:47:25.408667 [debug] [MainThread]: Command `dbt debug` failed at 14:47:25.408667 after 0.28 seconds
[0m14:47:25.409670 [debug] [MainThread]: Connection 'debug' was properly closed.
[0m14:47:25.409670 [debug] [MainThread]: Sending event: {'category': 'dbt', 'action': 'invocation', 'label': 'end', 'context': [<snowplow_tracker.self_describing_json.SelfDescribingJson object at 0x0000019EE0C07150>, <snowplow_tracker.self_describing_json.SelfDescribingJson object at 0x0000019EE109AA90>, <snowplow_tracker.self_describing_json.SelfDescribingJson object at 0x0000019EE1099B90>]}
[0m14:47:25.410669 [debug] [MainThread]: Flushing usage events
